<?xml version="1.0" encoding="UTF-8"?>
<testsuite xmlns:xsi="http://www.w3.org/2001/XMLSchema-instance" xsi:noNamespaceSchemaLocation="https://maven.apache.org/surefire/maven-surefire-plugin/xsd/surefire-test-report.xsd" version="3.0.2" name="com.system.controleDeRegistrosFinanceiros.ControleDeRegistrosFinanceirosApplicationTests" time="7.2" tests="1" errors="0" skipped="0" failures="0">
  <properties>
[...]
</properties>
  <testcase name="contextLoads" classname="com.system.controleDeRegistrosFinanceiros.ControleDeRegistrosFinanceirosApplicationTests" time="0.405">
    <system-out><![CDATA[18:43:51.025 [main] INFO org.springframework.test.context.support.AnnotationConfigContextLoaderUtils -- Could not detect default configuration classes for test class [com.system.controleDeRegistrosFinanceiros.ControleDeRegistrosFinanceirosApplicationTests]: ControleDeRegistrosFinanceirosApplicationTests does not declare any static, non-private, non-final, nested classes annotated with @Configuration.
18:43:51.196 [main] INFO org.springframework.boot.test.context.SpringBootTestContextBootstrapper -- Found @SpringBootConfiguration com.system.controleDeRegistrosFinanceiros.ControleDeRegistrosFinanceirosApplication for test class com.system.controleDeRegistrosFinanceiros.ControleDeRegistrosFinanceirosApplicationTests
18:43:51.425 [main] INFO org.springframework.boot.devtools.restart.RestartApplicationListener -- Restart disabled due to context in which it is running

  .   ____          _            __ _ _
 /\\ / ___'_ __ _ _(_)_ __  __ _ \ \ \ \
( ( )\___ | '_ | '_| | '_ \/ _` | \ \ \ \
 \\/  ___)| |_)| | | | | || (_| |  ) ) ) )
  '  |____| .__|_| |_|_| |_\__, | / / / /
 =========|_|==============|___/=/_/_/_/

 :: Spring Boot ::             (v4.0.0-M1)

2025-11-30T18:43:51.762-03:00  INFO 632 --- [controleDeRegistrosFinanceiros] [           main] leDeRegistrosFinanceirosApplicationTests : Starting ControleDeRegistrosFinanceirosApplicationTests using Java 21.0.9 with PID 632 (started by Rian in C:\Users\Rian\Desktop\Controle-de-Registros-Financeiros)
2025-11-30T18:43:51.772-03:00  INFO 632 --- [controleDeRegistrosFinanceiros] [           main] leDeRegistrosFinanceirosApplicationTests : No active profile set, falling back to 1 default profile: "default"
2025-11-30T18:43:52.550-03:00  INFO 632 --- [controleDeRegistrosFinanceiros] [           main] .s.d.r.c.RepositoryConfigurationDelegate : Bootstrapping Spring Data JPA repositories in DEFAULT mode.
2025-11-30T18:43:52.639-03:00  INFO 632 --- [controleDeRegistrosFinanceiros] [           main] .s.d.r.c.RepositoryConfigurationDelegate : Finished Spring Data repository scanning in 80 ms. Found 5 JPA repository interfaces.
2025-11-30T18:43:53.368-03:00  INFO 632 --- [controleDeRegistrosFinanceiros] [           main] o.hibernate.jpa.internal.util.LogHelper  : HHH000204: Processing PersistenceUnitInfo [name: default]
2025-11-30T18:43:53.482-03:00  INFO 632 --- [controleDeRegistrosFinanceiros] [           main] org.hibernate.Version                    : HHH000412: Hibernate ORM core version 7.0.7.Final
2025-11-30T18:43:54.140-03:00  INFO 632 --- [controleDeRegistrosFinanceiros] [           main] o.s.o.j.p.SpringPersistenceUnitInfo      : No LoadTimeWeaver setup: ignoring JPA class transformer
2025-11-30T18:43:54.179-03:00  INFO 632 --- [controleDeRegistrosFinanceiros] [           main] com.zaxxer.hikari.HikariDataSource       : HikariPool-1 - Starting...
2025-11-30T18:43:54.764-03:00  INFO 632 --- [controleDeRegistrosFinanceiros] [           main] com.zaxxer.hikari.pool.HikariPool        : HikariPool-1 - Added connection com.mysql.cj.jdbc.ConnectionImpl@983050b
2025-11-30T18:43:54.765-03:00  INFO 632 --- [controleDeRegistrosFinanceiros] [           main] com.zaxxer.hikari.HikariDataSource       : HikariPool-1 - Start completed.
2025-11-30T18:43:54.900-03:00  INFO 632 --- [controleDeRegistrosFinanceiros] [           main] org.hibernate.orm.connections.pooling    : HHH10001005: Database info:
	Database JDBC URL [jdbc:mysql://localhost:3306/crf_bd]
	Database driver: MySQL Connector/J
	Database version: 9.5
	Autocommit mode: undefined/unknown
	Isolation level: REPEATABLE_READ [default REPEATABLE_READ]
	Pool: DatasourceConnectionProviderImpl
	Minimum pool size: undefined/unknown
	Maximum pool size: undefined/unknown
2025-11-30T18:43:56.046-03:00  INFO 632 --- [controleDeRegistrosFinanceiros] [           main] o.h.e.t.j.p.i.JtaPlatformInitiator       : HHH000489: No JTA platform available (set 'hibernate.transaction.jta.platform' to enable JTA platform integration)
2025-11-30T18:43:56.268-03:00  INFO 632 --- [controleDeRegistrosFinanceiros] [           main] j.LocalContainerEntityManagerFactoryBean : Initialized JPA EntityManagerFactory for persistence unit 'default'
2025-11-30T18:43:56.403-03:00  INFO 632 --- [controleDeRegistrosFinanceiros] [           main] o.s.d.j.r.query.QueryEnhancerFactories   : Hibernate is in classpath; If applicable, HQL parser will be used.
2025-11-30T18:43:56.681-03:00  INFO 632 --- [controleDeRegistrosFinanceiros] [           main] r$InitializeUserDetailsManagerConfigurer : Global AuthenticationManager configured with UserDetailsService bean with name authorizationService
2025-11-30T18:43:56.829-03:00  WARN 632 --- [controleDeRegistrosFinanceiros] [           main] JpaBaseConfiguration$JpaWebConfiguration : spring.jpa.open-in-view is enabled by default. Therefore, database queries may be performed during view rendering. Explicitly configure spring.jpa.open-in-view to disable this warning
2025-11-30T18:43:57.550-03:00  INFO 632 --- [controleDeRegistrosFinanceiros] [           main] leDeRegistrosFinanceirosApplicationTests : Started ControleDeRegistrosFinanceirosApplicationTests in 6.141 seconds (process running for 7.622)
]]></system-out>
    <system-err><![CDATA[Mockito is currently self-attaching to enable the inline-mock-maker. This will no longer work in future releases of the JDK. Please add Mockito as an agent to your build as described in Mockito's documentation: https://javadoc.io/doc/org.mockito/mockito-core/latest/org.mockito/org/mockito/Mockito.html#0.3
WARNING: A Java agent has been loaded dynamically (C:\Users\Rian\.m2\repository\net\bytebuddy\byte-buddy-agent\1.17.6\byte-buddy-agent-1.17.6.jar)
WARNING: If a serviceability tool is in use, please run with -XX:+EnableDynamicAgentLoading to hide this warning
WARNING: If a serviceability tool is not in use, please run with -Djdk.instrument.traceUsage for more information
WARNING: Dynamic loading of agents will be disallowed by default in a future release
]]></system-err>
  </testcase>
</testsuite>